[0.009s] Invoking command in '/home/vboxuser/ros2_ws/build/my_robot_interfaces': CMAKE_PREFIX_PATH=${CMAKE_PREFIX_PATH}:/home/vboxuser/ros2_ws/install/my_py_pkg:/opt/ros/jazzy DEBUGINFOD_URLS=https://debuginfod.ubuntu.com /usr/bin/cmake --build /home/vboxuser/ros2_ws/build/my_robot_interfaces -- -j9 -l9
[0.029s] -- Found ament_cmake: 2.5.3 (/opt/ros/jazzy/share/ament_cmake/cmake)
[0.050s] -- Found Python3: /usr/bin/python3 (found version "3.12.3") found components: Interpreter 
[0.125s] -- Found rosidl_default_generators: 1.6.0 (/opt/ros/jazzy/share/rosidl_default_generators/cmake)
[0.126s] -- Using all available rosidl_typesupport_c: rosidl_typesupport_fastrtps_c;rosidl_typesupport_introspection_c
[0.152s] -- Using all available rosidl_typesupport_cpp: rosidl_typesupport_fastrtps_cpp;rosidl_typesupport_introspection_cpp
[0.175s] -- Found rosidl_adapter: 4.6.5 (/opt/ros/jazzy/share/rosidl_adapter/cmake)
[0.316s] -- Configuring incomplete, errors occurred!
[0.316s] [31mCMake Error at /opt/ros/jazzy/share/rosidl_adapter/cmake/rosidl_adapt_interfaces.cmake:57 (message):
[0.317s]   execute_process(/usr/bin/python3 -m rosidl_adapter --package-name
[0.317s]   my_robot_interfaces --arguments-file
[0.317s]   /home/vboxuser/ros2_ws/build/my_robot_interfaces/rosidl_adapter__arguments__my_robot_interfaces.json
[0.317s]   --output-dir
[0.317s]   /home/vboxuser/ros2_ws/build/my_robot_interfaces/rosidl_adapter/my_robot_interfaces
[0.317s]   --output-file
[0.317s]   /home/vboxuser/ros2_ws/build/my_robot_interfaces/rosidl_adapter/my_robot_interfaces.idls)
[0.317s]   returned error code 1:
[0.317s] 
[0.317s]   Traceback (most recent call last):
[0.317s] 
[0.317s]     File "<frozen runpy>", line 198, in _run_module_as_main
[0.317s]     File "<frozen runpy>", line 88, in _run_code
[0.317s]     File "/opt/ros/jazzy/lib/python3.12/site-packages/rosidl_adapter/__main__.py", line 19, in <module>
[0.317s]       sys.exit(main())
[0.317s]                ^^^^^^
[0.317s]     File "/opt/ros/jazzy/lib/python3.12/site-packages/rosidl_adapter/main.py", line 53, in main
[0.317s]       abs_idl_file = convert_to_idl(
[0.317s]                      ^^^^^^^^^^^^^^^
[0.317s]     File "/opt/ros/jazzy/lib/python3.12/site-packages/rosidl_adapter/__init__.py", line 24, in convert_to_idl
[0.317s]       return convert_srv_to_idl(
[0.318s]              ^^^^^^^^^^^^^^^^^^^
[0.318s]     File "/opt/ros/jazzy/lib/python3.12/site-packages/rosidl_adapter/srv/__init__.py", line 28, in convert_srv_to_idl
[0.318s]       srv = parse_service_string(package_name, input_file.stem, content)
[0.318s]             ^^^^^^^^^^^^^^^^^^^^^^^^^^^^^^^^^^^^^^^^^^^^^^^^^^^^^^^^^^^^
[0.318s]     File "/opt/ros/jazzy/lib/python3.12/site-packages/rosidl_adapter/parser.py", line 851, in parse_service_string
[0.318s]       raise InvalidServiceSpecification(
[0.318s] 
[0.318s]   rosidl_adapter.parser.InvalidServiceSpecification: Could not find separator
[0.318s]   '---' between request and response
[0.318s] 
[0.318s] Call Stack (most recent call first):
[0.318s]   /opt/ros/jazzy/share/rosidl_cmake/cmake/rosidl_generate_interfaces.cmake:132 (rosidl_adapt_interfaces)
[0.318s]   CMakeLists.txt:11 (rosidl_generate_interfaces)
[0.318s] 
[0.318s] [0m
[0.320s] gmake: *** [Makefile:1085: cmake_check_build_system] Error 1
[0.322s] Invoked command in '/home/vboxuser/ros2_ws/build/my_robot_interfaces' returned '2': CMAKE_PREFIX_PATH=${CMAKE_PREFIX_PATH}:/home/vboxuser/ros2_ws/install/my_py_pkg:/opt/ros/jazzy DEBUGINFOD_URLS=https://debuginfod.ubuntu.com /usr/bin/cmake --build /home/vboxuser/ros2_ws/build/my_robot_interfaces -- -j9 -l9
